# JRE version: Java(TM) SE Runtime Environment (8.0_152-b16) (build 1.8.0_152-b16)
# Java VM: Java HotSpot(TM) 64-Bit Server VM (25.152-b16 mixed mode windows-amd64 compressed oops)
Heap:
 PSYoungGen      total 213504K, used 138577K [0x00000000d5900000, 0x00000000e3680000, 0x0000000100000000)
  eden space 206848K, 66% used [0x00000000d5900000,0x00000000de054750,0x00000000e2300000)
  from space 6656K, 0% used [0x00000000e3000000,0x00000000e3000000,0x00000000e3680000)
  to   space 8704K, 0% used [0x00000000e2580000,0x00000000e2580000,0x00000000e2e00000)
 ParOldGen       total 56320K, used 27201K [0x0000000080a00000, 0x0000000084100000, 0x00000000d5900000)
  object space 56320K, 48% used [0x0000000080a00000,0x00000000824907a0,0x0000000084100000)
 Metaspace       used 41798K, capacity 42278K, committed 42664K, reserved 1087488K
  class space    used 5339K, capacity 5521K, committed 5544K, reserved 1048576K
GC Heap History (10 events):
Event: 3.480 GC heap before
{Heap before GC invocations=8 (full 1):
 PSYoungGen      total 141312K, used 132608K [0x00000000d5900000, 0x00000000ded00000, 0x0000000100000000)
  eden space 132608K, 100% used [0x00000000d5900000,0x00000000dda80000,0x00000000dda80000)
  from space 8704K, 0% used [0x00000000de380000,0x00000000de380000,0x00000000dec00000)
  to   space 9216K, 0% used [0x00000000dda80000,0x00000000dda80000,0x00000000de380000)
 ParOldGen       total 56320K, used 7319K [0x0000000080a00000, 0x0000000084100000, 0x00000000d5900000)
  object space 56320K, 12% used [0x0000000080a00000,0x0000000081125f10,0x0000000084100000)
 Metaspace       used 23901K, capacity 24210K, committed 24448K, reserved 1071104K
  class space    used 3021K, capacity 3117K, committed 3200K, reserved 1048576K
Event: 3.504 GC heap after
Heap after GC invocations=8 (full 1):
 PSYoungGen      total 141824K, used 5221K [0x00000000d5900000, 0x00000000e3880000, 0x0000000100000000)
  eden space 132608K, 0% used [0x00000000d5900000,0x00000000d5900000,0x00000000dda80000)
  from space 9216K, 56% used [0x00000000dda80000,0x00000000ddf997a8,0x00000000de380000)
  to   space 8704K, 0% used [0x00000000e3000000,0x00000000e3000000,0x00000000e3880000)
 ParOldGen       total 56320K, used 7327K [0x0000000080a00000, 0x0000000084100000, 0x00000000d5900000)
  object space 56320K, 13% used [0x0000000080a00000,0x0000000081127f10,0x0000000084100000)
 Metaspace       used 23901K, capacity 24210K, committed 24448K, reserved 1071104K
  class space    used 3021K, capacity 3117K, committed 3200K, reserved 1048576K
}
Event: 3.991 GC heap before
{Heap before GC invocations=9 (full 1):
 PSYoungGen      total 141824K, used 137829K [0x00000000d5900000, 0x00000000e3880000, 0x0000000100000000)
  eden space 132608K, 100% used [0x00000000d5900000,0x00000000dda80000,0x00000000dda80000)
  from space 9216K, 56% used [0x00000000dda80000,0x00000000ddf997a8,0x00000000de380000)
  to   space 8704K, 0% used [0x00000000e3000000,0x00000000e3000000,0x00000000e3880000)
 ParOldGen       total 56320K, used 7327K [0x0000000080a00000, 0x0000000084100000, 0x00000000d5900000)
  object space 56320K, 13% used [0x0000000080a00000,0x0000000081127f10,0x0000000084100000)
 Metaspace       used 26189K, capacity 26530K, committed 26752K, reserved 1073152K
  class space    used 3295K, capacity 3386K, committed 3456K, reserved 1048576K
Event: 3.996 GC heap after
Heap after GC invocations=9 (full 1):
 PSYoungGen      total 213504K, used 6182K [0x00000000d5900000, 0x00000000e3680000, 0x0000000100000000)
  eden space 206848K, 0% used [0x00000000d5900000,0x00000000d5900000,0x00000000e2300000)
  from space 6656K, 92% used [0x00000000e3000000,0x00000000e36098d8,0x00000000e3680000)
  to   space 8704K, 0% used [0x00000000e2580000,0x00000000e2580000,0x00000000e2e00000)
 ParOldGen       total 56320K, used 7327K [0x0000000080a00000, 0x0000000084100000, 0x00000000d5900000)
  object space 56320K, 13% used [0x0000000080a00000,0x0000000081127f10,0x0000000084100000)
 Metaspace       used 26189K, capacity 26530K, committed 26752K, reserved 1073152K
  class space    used 3295K, capacity 3386K, committed 3456K, reserved 1048576K
}
Event: 5.503 GC heap before
{Heap before GC invocations=10 (full 1):
 PSYoungGen      total 213504K, used 213030K [0x00000000d5900000, 0x00000000e3680000, 0x0000000100000000)
  eden space 206848K, 100% used [0x00000000d5900000,0x00000000e2300000,0x00000000e2300000)
  from space 6656K, 92% used [0x00000000e3000000,0x00000000e36098d8,0x00000000e3680000)
  to   space 8704K, 0% used [0x00000000e2580000,0x00000000e2580000,0x00000000e2e00000)
 ParOldGen       total 56320K, used 7327K [0x0000000080a00000, 0x0000000084100000, 0x00000000d5900000)
  object space 56320K, 13% used [0x0000000080a00000,0x0000000081127f10,0x0000000084100000)
 Metaspace       used 32351K, capacity 32832K, committed 33152K, reserved 1079296K
  class space    used 4036K, capacity 4173K, committed 4224K, reserved 1048576K
Event: 5.524 GC heap after
Heap after GC invocations=10 (full 1):
 PSYoungGen      total 215552K, used 8680K [0x00000000d5900000, 0x00000000e3680000, 0x0000000100000000)
  eden space 206848K, 0% used [0x00000000d5900000,0x00000000d5900000,0x00000000e2300000)
  from space 8704K, 99% used [0x00000000e2580000,0x00000000e2dfa0a0,0x00000000e2e00000)
  to   space 6656K, 0% used [0x00000000e3000000,0x00000000e3000000,0x00000000e3680000)
 ParOldGen       total 56320K, used 18109K [0x0000000080a00000, 0x0000000084100000, 0x00000000d5900000)
  object space 56320K, 32% used [0x0000000080a00000,0x0000000081baf4f8,0x0000000084100000)
 Metaspace       used 32351K, capacity 32832K, committed 33152K, reserved 1079296K
  class space    used 4036K, capacity 4173K, committed 4224K, reserved 1048576K
}
Event: 6.191 GC heap before
{Heap before GC invocations=11 (full 1):
 PSYoungGen      total 215552K, used 154582K [0x00000000d5900000, 0x00000000e3680000, 0x0000000100000000)
  eden space 206848K, 70% used [0x00000000d5900000,0x00000000de77b7b0,0x00000000e2300000)
  from space 8704K, 99% used [0x00000000e2580000,0x00000000e2dfa0a0,0x00000000e2e00000)
  to   space 6656K, 0% used [0x00000000e3000000,0x00000000e3000000,0x00000000e3680000)
 ParOldGen       total 56320K, used 18109K [0x0000000080a00000, 0x0000000084100000, 0x00000000d5900000)
  object space 56320K, 32% used [0x0000000080a00000,0x0000000081baf4f8,0x0000000084100000)
 Metaspace       used 34915K, capacity 35318K, committed 35496K, reserved 1081344K
  class space    used 4371K, capacity 4502K, committed 4520K, reserved 1048576K
Event: 6.221 GC heap after
Heap after GC invocations=11 (full 1):
 PSYoungGen      total 213504K, used 6644K [0x00000000d5900000, 0x00000000e3680000, 0x0000000100000000)
  eden space 206848K, 0% used [0x00000000d5900000,0x00000000d5900000,0x00000000e2300000)
  from space 6656K, 99% used [0x00000000e3000000,0x00000000e367d050,0x00000000e3680000)
  to   space 8704K, 0% used [0x00000000e2580000,0x00000000e2580000,0x00000000e2e00000)
 ParOldGen       total 56320K, used 26521K [0x0000000080a00000, 0x0000000084100000, 0x00000000d5900000)
  object space 56320K, 47% used [0x0000000080a00000,0x00000000823e6760,0x0000000084100000)
 Metaspace       used 34915K, capacity 35318K, committed 35496K, reserved 1081344K
  class space    used 4371K, capacity 4502K, committed 4520K, reserved 1048576K
}
Event: 6.221 GC heap before
{Heap before GC invocations=12 (full 2):
 PSYoungGen      total 213504K, used 6644K [0x00000000d5900000, 0x00000000e3680000, 0x0000000100000000)
  eden space 206848K, 0% used [0x00000000d5900000,0x00000000d5900000,0x00000000e2300000)
  from space 6656K, 99% used [0x00000000e3000000,0x00000000e367d050,0x00000000e3680000)
  to   space 8704K, 0% used [0x00000000e2580000,0x00000000e2580000,0x00000000e2e00000)
 ParOldGen       total 56320K, used 26521K [0x0000000080a00000, 0x0000000084100000, 0x00000000d5900000)
  object space 56320K, 47% used [0x0000000080a00000,0x00000000823e6760,0x0000000084100000)
 Metaspace       used 34915K, capacity 35318K, committed 35496K, reserved 1081344K
  class space    used 4371K, capacity 4502K, committed 4520K, reserved 1048576K
Event: 6.321 GC heap after
Heap after GC invocations=12 (full 2):
 PSYoungGen      total 213504K, used 0K [0x00000000d5900000, 0x00000000e3680000, 0x0000000100000000)
  eden space 206848K, 0% used [0x00000000d5900000,0x00000000d5900000,0x00000000e2300000)
  from space 6656K, 0% used [0x00000000e3000000,0x00000000e3000000,0x00000000e3680000)
  to   space 8704K, 0% used [0x00000000e2580000,0x00000000e2580000,0x00000000e2e00000)
 ParOldGen       total 56320K, used 27201K [0x0000000080a00000, 0x0000000084100000, 0x00000000d5900000)
  object space 56320K, 48% used [0x0000000080a00000,0x00000000824907a0,0x0000000084100000)
 Metaspace       used 34915K, capacity 35318K, committed 35496K, reserved 1081344K
  class space    used 4371K, capacity 4502K, committed 4520K, reserved 1048576K
}

