# JRE version: Java(TM) SE Runtime Environment (8.0_152-b16) (build 1.8.0_152-b16)
# Java VM: Java HotSpot(TM) 64-Bit Server VM (25.152-b16 mixed mode windows-amd64 compressed oops)
Heap:
 PSYoungGen      total 271872K, used 198374K [0x00000000d5900000, 0x00000000ec480000, 0x0000000100000000)
  eden space 262144K, 71% used [0x00000000d5900000,0x00000000e113eb08,0x00000000e5900000)
  from space 9728K, 99% used [0x00000000e5900000,0x00000000e627aff0,0x00000000e6280000)
  to   space 13824K, 0% used [0x00000000eb700000,0x00000000eb700000,0x00000000ec480000)
 ParOldGen       total 55808K, used 13366K [0x0000000080a00000, 0x0000000084080000, 0x00000000d5900000)
  object space 55808K, 23% used [0x0000000080a00000,0x000000008170dad0,0x0000000084080000)
 Metaspace       used 33373K, capacity 33874K, committed 34304K, reserved 1079296K
  class space    used 4164K, capacity 4304K, committed 4352K, reserved 1048576K
GC Heap History (10 events):
Event: 2.586 GC heap before
{Heap before GC invocations=4 (full 0):
 PSYoungGen      total 71680K, used 71674K [0x00000000d5900000, 0x00000000de500000, 0x0000000100000000)
  eden space 66560K, 100% used [0x00000000d5900000,0x00000000d9a00000,0x00000000d9a00000)
  from space 5120K, 99% used [0x00000000d9a00000,0x00000000d9efe9b0,0x00000000d9f00000)
  to   space 5120K, 0% used [0x00000000de000000,0x00000000de000000,0x00000000de500000)
 ParOldGen       total 87552K, used 3415K [0x0000000080a00000, 0x0000000085f80000, 0x00000000d5900000)
  object space 87552K, 3% used [0x0000000080a00000,0x0000000080d55cb0,0x0000000085f80000)
 Metaspace       used 17976K, capacity 18232K, committed 18432K, reserved 1064960K
  class space    used 2215K, capacity 2257K, committed 2304K, reserved 1048576K
Event: 2.599 GC heap after
Heap after GC invocations=4 (full 0):
 PSYoungGen      total 138240K, used 5118K [0x00000000d5900000, 0x00000000de500000, 0x0000000100000000)
  eden space 133120K, 0% used [0x00000000d5900000,0x00000000d5900000,0x00000000ddb00000)
  from space 5120K, 99% used [0x00000000de000000,0x00000000de4ff8f0,0x00000000de500000)
  to   space 5120K, 0% used [0x00000000ddb00000,0x00000000ddb00000,0x00000000de000000)
 ParOldGen       total 87552K, used 6347K [0x0000000080a00000, 0x0000000085f80000, 0x00000000d5900000)
  object space 87552K, 7% used [0x0000000080a00000,0x0000000081032f10,0x0000000085f80000)
 Metaspace       used 17976K, capacity 18232K, committed 18432K, reserved 1064960K
  class space    used 2215K, capacity 2257K, committed 2304K, reserved 1048576K
}
Event: 2.801 GC heap before
{Heap before GC invocations=5 (full 0):
 PSYoungGen      total 138240K, used 47566K [0x00000000d5900000, 0x00000000de500000, 0x0000000100000000)
  eden space 133120K, 31% used [0x00000000d5900000,0x00000000d82740a0,0x00000000ddb00000)
  from space 5120K, 99% used [0x00000000de000000,0x00000000de4ff8f0,0x00000000de500000)
  to   space 5120K, 0% used [0x00000000ddb00000,0x00000000ddb00000,0x00000000de000000)
 ParOldGen       total 87552K, used 6347K [0x0000000080a00000, 0x0000000085f80000, 0x00000000d5900000)
  object space 87552K, 7% used [0x0000000080a00000,0x0000000081032f10,0x0000000085f80000)
 Metaspace       used 20912K, capacity 21170K, committed 21296K, reserved 1069056K
  class space    used 2602K, capacity 2663K, committed 2688K, reserved 1048576K
Event: 2.822 GC heap after
Heap after GC invocations=5 (full 0):
 PSYoungGen      total 138240K, used 5118K [0x00000000d5900000, 0x00000000e7000000, 0x0000000100000000)
  eden space 133120K, 0% used [0x00000000d5900000,0x00000000d5900000,0x00000000ddb00000)
  from space 5120K, 99% used [0x00000000ddb00000,0x00000000ddfff910,0x00000000de000000)
  to   space 9728K, 0% used [0x00000000e6680000,0x00000000e6680000,0x00000000e7000000)
 ParOldGen       total 87552K, used 8704K [0x0000000080a00000, 0x0000000085f80000, 0x00000000d5900000)
  object space 87552K, 9% used [0x0000000080a00000,0x00000000812800d8,0x0000000085f80000)
 Metaspace       used 20912K, capacity 21170K, committed 21296K, reserved 1069056K
  class space    used 2602K, capacity 2663K, committed 2688K, reserved 1048576K
}
Event: 2.822 GC heap before
{Heap before GC invocations=6 (full 1):
 PSYoungGen      total 138240K, used 5118K [0x00000000d5900000, 0x00000000e7000000, 0x0000000100000000)
  eden space 133120K, 0% used [0x00000000d5900000,0x00000000d5900000,0x00000000ddb00000)
  from space 5120K, 99% used [0x00000000ddb00000,0x00000000ddfff910,0x00000000de000000)
  to   space 9728K, 0% used [0x00000000e6680000,0x00000000e6680000,0x00000000e7000000)
 ParOldGen       total 87552K, used 8704K [0x0000000080a00000, 0x0000000085f80000, 0x00000000d5900000)
  object space 87552K, 9% used [0x0000000080a00000,0x00000000812800d8,0x0000000085f80000)
 Metaspace       used 20912K, capacity 21170K, committed 21296K, reserved 1069056K
  class space    used 2602K, capacity 2663K, committed 2688K, reserved 1048576K
Event: 2.964 GC heap after
Heap after GC invocations=6 (full 1):
 PSYoungGen      total 138240K, used 0K [0x00000000d5900000, 0x00000000e7000000, 0x0000000100000000)
  eden space 133120K, 0% used [0x00000000d5900000,0x00000000d5900000,0x00000000ddb00000)
  from space 5120K, 0% used [0x00000000ddb00000,0x00000000ddb00000,0x00000000de000000)
  to   space 9728K, 0% used [0x00000000e6680000,0x00000000e6680000,0x00000000e7000000)
 ParOldGen       total 55808K, used 7435K [0x0000000080a00000, 0x0000000084080000, 0x00000000d5900000)
  object space 55808K, 13% used [0x0000000080a00000,0x0000000081142d20,0x0000000084080000)
 Metaspace       used 20912K, capacity 21170K, committed 21296K, reserved 1069056K
  class space    used 2602K, capacity 2663K, committed 2688K, reserved 1048576K
}
Event: 6.279 GC heap before
{Heap before GC invocations=7 (full 1):
 PSYoungGen      total 138240K, used 133120K [0x00000000d5900000, 0x00000000e7000000, 0x0000000100000000)
  eden space 133120K, 100% used [0x00000000d5900000,0x00000000ddb00000,0x00000000ddb00000)
  from space 5120K, 0% used [0x00000000ddb00000,0x00000000ddb00000,0x00000000de000000)
  to   space 9728K, 0% used [0x00000000e6680000,0x00000000e6680000,0x00000000e7000000)
 ParOldGen       total 55808K, used 7435K [0x0000000080a00000, 0x0000000084080000, 0x00000000d5900000)
  object space 55808K, 13% used [0x0000000080a00000,0x0000000081142d20,0x0000000084080000)
 Metaspace       used 23971K, capacity 24248K, committed 24704K, reserved 1071104K
  class space    used 3020K, capacity 3087K, committed 3200K, reserved 1048576K
Event: 6.338 GC heap after
Heap after GC invocations=7 (full 1):
 PSYoungGen      total 223232K, used 5131K [0x00000000d5900000, 0x00000000e6c00000, 0x0000000100000000)
  eden space 217600K, 0% used [0x00000000d5900000,0x00000000d5900000,0x00000000e2d80000)
  from space 5632K, 91% used [0x00000000e6680000,0x00000000e6b82c90,0x00000000e6c00000)
  to   space 9728K, 0% used [0x00000000e5900000,0x00000000e5900000,0x00000000e6280000)
 ParOldGen       total 55808K, used 7443K [0x0000000080a00000, 0x0000000084080000, 0x00000000d5900000)
  object space 55808K, 13% used [0x0000000080a00000,0x0000000081144d20,0x0000000084080000)
 Metaspace       used 23971K, capacity 24248K, committed 24704K, reserved 1071104K
  class space    used 3020K, capacity 3087K, committed 3200K, reserved 1048576K
}
Event: 8.562 GC heap before
{Heap before GC invocations=8 (full 1):
 PSYoungGen      total 223232K, used 222731K [0x00000000d5900000, 0x00000000e6c00000, 0x0000000100000000)
  eden space 217600K, 100% used [0x00000000d5900000,0x00000000e2d80000,0x00000000e2d80000)
  from space 5632K, 91% used [0x00000000e6680000,0x00000000e6b82c90,0x00000000e6c00000)
  to   space 9728K, 0% used [0x00000000e5900000,0x00000000e5900000,0x00000000e6280000)
 ParOldGen       total 55808K, used 7443K [0x0000000080a00000, 0x0000000084080000, 0x00000000d5900000)
  object space 55808K, 13% used [0x0000000080a00000,0x0000000081144d20,0x0000000084080000)
 Metaspace       used 30048K, capacity 30448K, committed 30720K, reserved 1077248K
  class space    used 3752K, capacity 3838K, committed 3840K, reserved 1048576K
Event: 8.610 GC heap after
Heap after GC invocations=8 (full 1):
 PSYoungGen      total 271872K, used 9707K [0x00000000d5900000, 0x00000000ec480000, 0x0000000100000000)
  eden space 262144K, 0% used [0x00000000d5900000,0x00000000d5900000,0x00000000e5900000)
  from space 9728K, 99% used [0x00000000e5900000,0x00000000e627aff0,0x00000000e6280000)
  to   space 13824K, 0% used [0x00000000eb700000,0x00000000eb700000,0x00000000ec480000)
 ParOldGen       total 55808K, used 13366K [0x0000000080a00000, 0x0000000084080000, 0x00000000d5900000)
  object space 55808K, 23% used [0x0000000080a00000,0x000000008170dad0,0x0000000084080000)
 Metaspace       used 30048K, capacity 30448K, committed 30720K, reserved 1077248K
  class space    used 3752K, capacity 3838K, committed 3840K, reserved 1048576K
}

