# JRE version: Java(TM) SE Runtime Environment (8.0_152-b16) (build 1.8.0_152-b16)
# Java VM: Java HotSpot(TM) 64-Bit Server VM (25.152-b16 mixed mode windows-amd64 compressed oops)
Heap:
 PSYoungGen      total 220160K, used 46250K [0x00000000d5900000, 0x00000000e6c00000, 0x0000000100000000)
  eden space 214528K, 19% used [0x00000000d5900000,0x00000000d8107bd0,0x00000000e2a80000)
  from space 5632K, 93% used [0x00000000e6680000,0x00000000e6ba2c90,0x00000000e6c00000)
  to   space 9728K, 0% used [0x00000000e5900000,0x00000000e5900000,0x00000000e6280000)
 ParOldGen       total 56320K, used 7386K [0x0000000080a00000, 0x0000000084100000, 0x00000000d5900000)
  object space 56320K, 13% used [0x0000000080a00000,0x0000000081136820,0x0000000084100000)
 Metaspace       used 24047K, capacity 24350K, committed 24704K, reserved 1071104K
  class space    used 3035K, capacity 3119K, committed 3200K, reserved 1048576K
GC Heap History (10 events):
Event: 1.058 GC heap before
{Heap before GC invocations=3 (full 0):
 PSYoungGen      total 71680K, used 71663K [0x00000000d5900000, 0x00000000da400000, 0x0000000100000000)
  eden space 66560K, 100% used [0x00000000d5900000,0x00000000d9a00000,0x00000000d9a00000)
  from space 5120K, 99% used [0x00000000d9f00000,0x00000000da3fbfb0,0x00000000da400000)
  to   space 5120K, 0% used [0x00000000d9a00000,0x00000000d9a00000,0x00000000d9f00000)
 ParOldGen       total 87552K, used 1296K [0x0000000080a00000, 0x0000000085f80000, 0x00000000d5900000)
  object space 87552K, 1% used [0x0000000080a00000,0x0000000080b44140,0x0000000085f80000)
 Metaspace       used 12776K, capacity 12910K, committed 13184K, reserved 1060864K
  class space    used 1567K, capacity 1594K, committed 1664K, reserved 1048576K
Event: 1.071 GC heap after
Heap after GC invocations=3 (full 0):
 PSYoungGen      total 71680K, used 5093K [0x00000000d5900000, 0x00000000de500000, 0x0000000100000000)
  eden space 66560K, 0% used [0x00000000d5900000,0x00000000d5900000,0x00000000d9a00000)
  from space 5120K, 99% used [0x00000000d9a00000,0x00000000d9ef9490,0x00000000d9f00000)
  to   space 5120K, 0% used [0x00000000de000000,0x00000000de000000,0x00000000de500000)
 ParOldGen       total 87552K, used 3693K [0x0000000080a00000, 0x0000000085f80000, 0x00000000d5900000)
  object space 87552K, 4% used [0x0000000080a00000,0x0000000080d9b480,0x0000000085f80000)
 Metaspace       used 12776K, capacity 12910K, committed 13184K, reserved 1060864K
  class space    used 1567K, capacity 1594K, committed 1664K, reserved 1048576K
}
Event: 1.302 GC heap before
{Heap before GC invocations=4 (full 0):
 PSYoungGen      total 71680K, used 71653K [0x00000000d5900000, 0x00000000de500000, 0x0000000100000000)
  eden space 66560K, 100% used [0x00000000d5900000,0x00000000d9a00000,0x00000000d9a00000)
  from space 5120K, 99% used [0x00000000d9a00000,0x00000000d9ef9490,0x00000000d9f00000)
  to   space 5120K, 0% used [0x00000000de000000,0x00000000de000000,0x00000000de500000)
 ParOldGen       total 87552K, used 3693K [0x0000000080a00000, 0x0000000085f80000, 0x00000000d5900000)
  object space 87552K, 4% used [0x0000000080a00000,0x0000000080d9b480,0x0000000085f80000)
 Metaspace       used 18413K, capacity 18682K, committed 18816K, reserved 1064960K
  class space    used 2254K, capacity 2323K, committed 2432K, reserved 1048576K
Event: 1.308 GC heap after
Heap after GC invocations=4 (full 0):
 PSYoungGen      total 138240K, used 5102K [0x00000000d5900000, 0x00000000de500000, 0x0000000100000000)
  eden space 133120K, 0% used [0x00000000d5900000,0x00000000d5900000,0x00000000ddb00000)
  from space 5120K, 99% used [0x00000000de000000,0x00000000de4fb900,0x00000000de500000)
  to   space 5120K, 0% used [0x00000000ddb00000,0x00000000ddb00000,0x00000000de000000)
 ParOldGen       total 87552K, used 6403K [0x0000000080a00000, 0x0000000085f80000, 0x00000000d5900000)
  object space 87552K, 7% used [0x0000000080a00000,0x0000000081040d38,0x0000000085f80000)
 Metaspace       used 18413K, capacity 18682K, committed 18816K, reserved 1064960K
  class space    used 2254K, capacity 2323K, committed 2432K, reserved 1048576K
}
Event: 1.450 GC heap before
{Heap before GC invocations=5 (full 0):
 PSYoungGen      total 138240K, used 47701K [0x00000000d5900000, 0x00000000de500000, 0x0000000100000000)
  eden space 133120K, 32% used [0x00000000d5900000,0x00000000d8299bb8,0x00000000ddb00000)
  from space 5120K, 99% used [0x00000000de000000,0x00000000de4fb900,0x00000000de500000)
  to   space 5120K, 0% used [0x00000000ddb00000,0x00000000ddb00000,0x00000000de000000)
 ParOldGen       total 87552K, used 6403K [0x0000000080a00000, 0x0000000085f80000, 0x00000000d5900000)
  object space 87552K, 7% used [0x0000000080a00000,0x0000000081040d38,0x0000000085f80000)
 Metaspace       used 20871K, capacity 21170K, committed 21296K, reserved 1069056K
  class space    used 2601K, capacity 2663K, committed 2688K, reserved 1048576K
Event: 1.456 GC heap after
Heap after GC invocations=5 (full 0):
 PSYoungGen      total 138240K, used 5102K [0x00000000d5900000, 0x00000000e7000000, 0x0000000100000000)
  eden space 133120K, 0% used [0x00000000d5900000,0x00000000d5900000,0x00000000ddb00000)
  from space 5120K, 99% used [0x00000000ddb00000,0x00000000ddffb920,0x00000000de000000)
  to   space 9728K, 0% used [0x00000000e6680000,0x00000000e6680000,0x00000000e7000000)
 ParOldGen       total 87552K, used 8728K [0x0000000080a00000, 0x0000000085f80000, 0x00000000d5900000)
  object space 87552K, 9% used [0x0000000080a00000,0x0000000081286240,0x0000000085f80000)
 Metaspace       used 20871K, capacity 21170K, committed 21296K, reserved 1069056K
  class space    used 2601K, capacity 2663K, committed 2688K, reserved 1048576K
}
Event: 1.456 GC heap before
{Heap before GC invocations=6 (full 1):
 PSYoungGen      total 138240K, used 5102K [0x00000000d5900000, 0x00000000e7000000, 0x0000000100000000)
  eden space 133120K, 0% used [0x00000000d5900000,0x00000000d5900000,0x00000000ddb00000)
  from space 5120K, 99% used [0x00000000ddb00000,0x00000000ddffb920,0x00000000de000000)
  to   space 9728K, 0% used [0x00000000e6680000,0x00000000e6680000,0x00000000e7000000)
 ParOldGen       total 87552K, used 8728K [0x0000000080a00000, 0x0000000085f80000, 0x00000000d5900000)
  object space 87552K, 9% used [0x0000000080a00000,0x0000000081286240,0x0000000085f80000)
 Metaspace       used 20871K, capacity 21170K, committed 21296K, reserved 1069056K
  class space    used 2601K, capacity 2663K, committed 2688K, reserved 1048576K
Event: 1.482 GC heap after
Heap after GC invocations=6 (full 1):
 PSYoungGen      total 138240K, used 0K [0x00000000d5900000, 0x00000000e7000000, 0x0000000100000000)
  eden space 133120K, 0% used [0x00000000d5900000,0x00000000d5900000,0x00000000ddb00000)
  from space 5120K, 0% used [0x00000000ddb00000,0x00000000ddb00000,0x00000000de000000)
  to   space 9728K, 0% used [0x00000000e6680000,0x00000000e6680000,0x00000000e7000000)
 ParOldGen       total 56320K, used 7378K [0x0000000080a00000, 0x0000000084100000, 0x00000000d5900000)
  object space 56320K, 13% used [0x0000000080a00000,0x0000000081134820,0x0000000084100000)
 Metaspace       used 20871K, capacity 21170K, committed 21296K, reserved 1069056K
  class space    used 2601K, capacity 2663K, committed 2688K, reserved 1048576K
}
Event: 3.395 GC heap before
{Heap before GC invocations=7 (full 1):
 PSYoungGen      total 138240K, used 133120K [0x00000000d5900000, 0x00000000e7000000, 0x0000000100000000)
  eden space 133120K, 100% used [0x00000000d5900000,0x00000000ddb00000,0x00000000ddb00000)
  from space 5120K, 0% used [0x00000000ddb00000,0x00000000ddb00000,0x00000000de000000)
  to   space 9728K, 0% used [0x00000000e6680000,0x00000000e6680000,0x00000000e7000000)
 ParOldGen       total 56320K, used 7378K [0x0000000080a00000, 0x0000000084100000, 0x00000000d5900000)
  object space 56320K, 13% used [0x0000000080a00000,0x0000000081134820,0x0000000084100000)
 Metaspace       used 23924K, capacity 24242K, committed 24704K, reserved 1071104K
  class space    used 3018K, capacity 3085K, committed 3200K, reserved 1048576K
Event: 3.417 GC heap after
Heap after GC invocations=7 (full 1):
 PSYoungGen      total 220160K, used 5259K [0x00000000d5900000, 0x00000000e6c00000, 0x0000000100000000)
  eden space 214528K, 0% used [0x00000000d5900000,0x00000000d5900000,0x00000000e2a80000)
  from space 5632K, 93% used [0x00000000e6680000,0x00000000e6ba2c90,0x00000000e6c00000)
  to   space 9728K, 0% used [0x00000000e5900000,0x00000000e5900000,0x00000000e6280000)
 ParOldGen       total 56320K, used 7386K [0x0000000080a00000, 0x0000000084100000, 0x00000000d5900000)
  object space 56320K, 13% used [0x0000000080a00000,0x0000000081136820,0x0000000084100000)
 Metaspace       used 23924K, capacity 24242K, committed 24704K, reserved 1071104K
  class space    used 3018K, capacity 3085K, committed 3200K, reserved 1048576K
}

