# JRE version: Java(TM) SE Runtime Environment (8.0_152-b16) (build 1.8.0_152-b16)
# Java VM: Java HotSpot(TM) 64-Bit Server VM (25.152-b16 mixed mode windows-amd64 compressed oops)
Heap:
 PSYoungGen      total 352768K, used 279757K [0x00000000d5900000, 0x00000000ec600000, 0x0000000100000000)
  eden space 338944K, 82% used [0x00000000d5900000,0x00000000e6a33488,0x00000000ea400000)
  from space 13824K, 0% used [0x00000000eb180000,0x00000000eb180000,0x00000000ebf00000)
  to   space 13824K, 0% used [0x00000000ea400000,0x00000000ea400000,0x00000000eb180000)
 ParOldGen       total 84992K, used 24994K [0x0000000080a00000, 0x0000000085d00000, 0x00000000d5900000)
  object space 84992K, 29% used [0x0000000080a00000,0x0000000082268a18,0x0000000085d00000)
 Metaspace       used 46399K, capacity 46992K, committed 47488K, reserved 1091584K
  class space    used 6029K, capacity 6208K, committed 6272K, reserved 1048576K
GC Heap History (10 events):
Event: 4.781 GC heap before
{Heap before GC invocations=8 (full 1):
 PSYoungGen      total 140800K, used 133120K [0x00000000d5900000, 0x00000000deb00000, 0x0000000100000000)
  eden space 133120K, 100% used [0x00000000d5900000,0x00000000ddb00000,0x00000000ddb00000)
  from space 7680K, 0% used [0x00000000de380000,0x00000000de380000,0x00000000deb00000)
  to   space 8192K, 0% used [0x00000000ddb00000,0x00000000ddb00000,0x00000000de300000)
 ParOldGen       total 49664K, used 6306K [0x0000000080a00000, 0x0000000083a80000, 0x00000000d5900000)
  object space 49664K, 12% used [0x0000000080a00000,0x0000000081028a78,0x0000000083a80000)
 Metaspace       used 24036K, capacity 24290K, committed 24704K, reserved 1071104K
  class space    used 3026K, capacity 3085K, committed 3200K, reserved 1048576K
Event: 4.845 GC heap after
Heap after GC invocations=8 (full 1):
 PSYoungGen      total 141312K, used 5373K [0x00000000d5900000, 0x00000000e5300000, 0x0000000100000000)
  eden space 133120K, 0% used [0x00000000d5900000,0x00000000d5900000,0x00000000ddb00000)
  from space 8192K, 65% used [0x00000000ddb00000,0x00000000de03f4a8,0x00000000de300000)
  to   space 8192K, 0% used [0x00000000e4b00000,0x00000000e4b00000,0x00000000e5300000)
 ParOldGen       total 49664K, used 6314K [0x0000000080a00000, 0x0000000083a80000, 0x00000000d5900000)
  object space 49664K, 12% used [0x0000000080a00000,0x000000008102aa78,0x0000000083a80000)
 Metaspace       used 24036K, capacity 24290K, committed 24704K, reserved 1071104K
  class space    used 3026K, capacity 3085K, committed 3200K, reserved 1048576K
}
Event: 5.874 GC heap before
{Heap before GC invocations=9 (full 1):
 PSYoungGen      total 141312K, used 138493K [0x00000000d5900000, 0x00000000e5300000, 0x0000000100000000)
  eden space 133120K, 100% used [0x00000000d5900000,0x00000000ddb00000,0x00000000ddb00000)
  from space 8192K, 65% used [0x00000000ddb00000,0x00000000de03f4a8,0x00000000de300000)
  to   space 8192K, 0% used [0x00000000e4b00000,0x00000000e4b00000,0x00000000e5300000)
 ParOldGen       total 49664K, used 6314K [0x0000000080a00000, 0x0000000083a80000, 0x00000000d5900000)
  object space 49664K, 12% used [0x0000000080a00000,0x000000008102aa78,0x0000000083a80000)
 Metaspace       used 26925K, capacity 27302K, committed 27520K, reserved 1073152K
  class space    used 3370K, capacity 3455K, committed 3456K, reserved 1048576K
Event: 5.879 GC heap after
Heap after GC invocations=9 (full 1):
 PSYoungGen      total 241152K, used 7067K [0x00000000d5900000, 0x00000000e5200000, 0x0000000100000000)
  eden space 233984K, 0% used [0x00000000d5900000,0x00000000d5900000,0x00000000e3d80000)
  from space 7168K, 98% used [0x00000000e4b00000,0x00000000e51e6d28,0x00000000e5200000)
  to   space 8704K, 0% used [0x00000000e4100000,0x00000000e4100000,0x00000000e4980000)
 ParOldGen       total 49664K, used 6322K [0x0000000080a00000, 0x0000000083a80000, 0x00000000d5900000)
  object space 49664K, 12% used [0x0000000080a00000,0x000000008102ca78,0x0000000083a80000)
 Metaspace       used 26925K, capacity 27302K, committed 27520K, reserved 1073152K
  class space    used 3370K, capacity 3455K, committed 3456K, reserved 1048576K
}
Event: 7.925 GC heap before
{Heap before GC invocations=10 (full 1):
 PSYoungGen      total 241152K, used 241051K [0x00000000d5900000, 0x00000000e5200000, 0x0000000100000000)
  eden space 233984K, 100% used [0x00000000d5900000,0x00000000e3d80000,0x00000000e3d80000)
  from space 7168K, 98% used [0x00000000e4b00000,0x00000000e51e6d28,0x00000000e5200000)
  to   space 8704K, 0% used [0x00000000e4100000,0x00000000e4100000,0x00000000e4980000)
 ParOldGen       total 49664K, used 6322K [0x0000000080a00000, 0x0000000083a80000, 0x00000000d5900000)
  object space 49664K, 12% used [0x0000000080a00000,0x000000008102ca78,0x0000000083a80000)
 Metaspace       used 33413K, capacity 33868K, committed 34304K, reserved 1079296K
  class space    used 4163K, capacity 4279K, committed 4352K, reserved 1048576K
Event: 7.971 GC heap after
Heap after GC invocations=10 (full 1):
 PSYoungGen      total 246272K, used 8695K [0x00000000d5900000, 0x00000000ebf00000, 0x0000000100000000)
  eden space 237568K, 0% used [0x00000000d5900000,0x00000000d5900000,0x00000000e4100000)
  from space 8704K, 99% used [0x00000000e4100000,0x00000000e497dfc0,0x00000000e4980000)
  to   space 13824K, 0% used [0x00000000eb180000,0x00000000eb180000,0x00000000ebf00000)
 ParOldGen       total 49664K, used 17979K [0x0000000080a00000, 0x0000000083a80000, 0x00000000d5900000)
  object space 49664K, 36% used [0x0000000080a00000,0x0000000081b8ec88,0x0000000083a80000)
 Metaspace       used 33413K, capacity 33868K, committed 34304K, reserved 1079296K
  class space    used 4163K, capacity 4279K, committed 4352K, reserved 1048576K
}
Event: 8.344 GC heap before
{Heap before GC invocations=11 (full 1):
 PSYoungGen      total 246272K, used 85683K [0x00000000d5900000, 0x00000000ebf00000, 0x0000000100000000)
  eden space 237568K, 32% used [0x00000000d5900000,0x00000000da42ef80,0x00000000e4100000)
  from space 8704K, 99% used [0x00000000e4100000,0x00000000e497dfc0,0x00000000e4980000)
  to   space 13824K, 0% used [0x00000000eb180000,0x00000000eb180000,0x00000000ebf00000)
 ParOldGen       total 49664K, used 17979K [0x0000000080a00000, 0x0000000083a80000, 0x00000000d5900000)
  object space 49664K, 36% used [0x0000000080a00000,0x0000000081b8ec88,0x0000000083a80000)
 Metaspace       used 34882K, capacity 35288K, committed 35456K, reserved 1081344K
  class space    used 4362K, capacity 4473K, committed 4480K, reserved 1048576K
Event: 8.358 GC heap after
Heap after GC invocations=11 (full 1):
 PSYoungGen      total 352768K, used 9320K [0x00000000d5900000, 0x00000000ec600000, 0x0000000100000000)
  eden space 338944K, 0% used [0x00000000d5900000,0x00000000d5900000,0x00000000ea400000)
  from space 13824K, 67% used [0x00000000eb180000,0x00000000eba9a048,0x00000000ebf00000)
  to   space 13824K, 0% used [0x00000000ea400000,0x00000000ea400000,0x00000000eb180000)
 ParOldGen       total 49664K, used 21087K [0x0000000080a00000, 0x0000000083a80000, 0x00000000d5900000)
  object space 49664K, 42% used [0x0000000080a00000,0x0000000081e97cb8,0x0000000083a80000)
 Metaspace       used 34882K, capacity 35288K, committed 35456K, reserved 1081344K
  class space    used 4362K, capacity 4473K, committed 4480K, reserved 1048576K
}
Event: 8.358 GC heap before
{Heap before GC invocations=12 (full 2):
 PSYoungGen      total 352768K, used 9320K [0x00000000d5900000, 0x00000000ec600000, 0x0000000100000000)
  eden space 338944K, 0% used [0x00000000d5900000,0x00000000d5900000,0x00000000ea400000)
  from space 13824K, 67% used [0x00000000eb180000,0x00000000eba9a048,0x00000000ebf00000)
  to   space 13824K, 0% used [0x00000000ea400000,0x00000000ea400000,0x00000000eb180000)
 ParOldGen       total 49664K, used 21087K [0x0000000080a00000, 0x0000000083a80000, 0x00000000d5900000)
  object space 49664K, 42% used [0x0000000080a00000,0x0000000081e97cb8,0x0000000083a80000)
 Metaspace       used 34882K, capacity 35288K, committed 35456K, reserved 1081344K
  class space    used 4362K, capacity 4473K, committed 4480K, reserved 1048576K
Event: 8.462 GC heap after
Heap after GC invocations=12 (full 2):
 PSYoungGen      total 352768K, used 0K [0x00000000d5900000, 0x00000000ec600000, 0x0000000100000000)
  eden space 338944K, 0% used [0x00000000d5900000,0x00000000d5900000,0x00000000ea400000)
  from space 13824K, 0% used [0x00000000eb180000,0x00000000eb180000,0x00000000ebf00000)
  to   space 13824K, 0% used [0x00000000ea400000,0x00000000ea400000,0x00000000eb180000)
 ParOldGen       total 84992K, used 24994K [0x0000000080a00000, 0x0000000085d00000, 0x00000000d5900000)
  object space 84992K, 29% used [0x0000000080a00000,0x0000000082268a18,0x0000000085d00000)
 Metaspace       used 34882K, capacity 35288K, committed 35456K, reserved 1081344K
  class space    used 4362K, capacity 4473K, committed 4480K, reserved 1048576K
}

