# JRE version: Java(TM) SE Runtime Environment (8.0_152-b16) (build 1.8.0_152-b16)
# Java VM: Java HotSpot(TM) 64-Bit Server VM (25.152-b16 mixed mode windows-amd64 compressed oops)
Heap:
 PSYoungGen      total 82944K, used 17322K [0x00000000d5900000, 0x00000000db500000, 0x0000000100000000)
  eden space 74240K, 23% used [0x00000000d5900000,0x00000000d69ea8e8,0x00000000da180000)
  from space 8704K, 0% used [0x00000000da180000,0x00000000da180000,0x00000000daa00000)
  to   space 8704K, 0% used [0x00000000daa00000,0x00000000daa00000,0x00000000db280000)
 ParOldGen       total 51200K, used 18094K [0x0000000080a00000, 0x0000000083c00000, 0x00000000d5900000)
  object space 51200K, 35% used [0x0000000080a00000,0x0000000081baba00,0x0000000083c00000)
 Metaspace       used 32588K, capacity 33042K, committed 33408K, reserved 1079296K
  class space    used 4056K, capacity 4176K, committed 4224K, reserved 1048576K
GC Heap History (10 events):
Event: 4.536 GC heap before
{Heap before GC invocations=14 (full 1):
 PSYoungGen      total 82944K, used 78145K [0x00000000d5900000, 0x00000000db500000, 0x0000000100000000)
  eden space 74240K, 100% used [0x00000000d5900000,0x00000000da180000,0x00000000da180000)
  from space 8704K, 44% used [0x00000000daa00000,0x00000000dadd05a8,0x00000000db280000)
  to   space 8704K, 0% used [0x00000000da180000,0x00000000da180000,0x00000000daa00000)
 ParOldGen       total 51200K, used 9629K [0x0000000080a00000, 0x0000000083c00000, 0x00000000d5900000)
  object space 51200K, 18% used [0x0000000080a00000,0x0000000081367430,0x0000000083c00000)
 Metaspace       used 30910K, capacity 31356K, committed 31616K, reserved 1077248K
  class space    used 3847K, capacity 3968K, committed 3968K, reserved 1048576K
Event: 4.555 GC heap after
Heap after GC invocations=14 (full 1):
 PSYoungGen      total 82944K, used 8687K [0x00000000d5900000, 0x00000000db500000, 0x0000000100000000)
  eden space 74240K, 0% used [0x00000000d5900000,0x00000000d5900000,0x00000000da180000)
  from space 8704K, 99% used [0x00000000da180000,0x00000000da9fbf38,0x00000000daa00000)
  to   space 8704K, 0% used [0x00000000daa00000,0x00000000daa00000,0x00000000db280000)
 ParOldGen       total 51200K, used 12648K [0x0000000080a00000, 0x0000000083c00000, 0x00000000d5900000)
  object space 51200K, 24% used [0x0000000080a00000,0x000000008165a168,0x0000000083c00000)
 Metaspace       used 30910K, capacity 31356K, committed 31616K, reserved 1077248K
  class space    used 3847K, capacity 3968K, committed 3968K, reserved 1048576K
}
Event: 5.035 GC heap before
{Heap before GC invocations=15 (full 1):
 PSYoungGen      total 82944K, used 77838K [0x00000000d5900000, 0x00000000db500000, 0x0000000100000000)
  eden space 74240K, 93% used [0x00000000d5900000,0x00000000d9c87bc0,0x00000000da180000)
  from space 8704K, 99% used [0x00000000da180000,0x00000000da9fbf38,0x00000000daa00000)
  to   space 8704K, 0% used [0x00000000daa00000,0x00000000daa00000,0x00000000db280000)
 ParOldGen       total 51200K, used 12648K [0x0000000080a00000, 0x0000000083c00000, 0x00000000d5900000)
  object space 51200K, 24% used [0x0000000080a00000,0x000000008165a168,0x0000000083c00000)
 Metaspace       used 32301K, capacity 32690K, committed 32896K, reserved 1081344K
  class space    used 4027K, capacity 4144K, committed 4224K, reserved 1048576K
Event: 5.043 GC heap after
Heap after GC invocations=15 (full 1):
 PSYoungGen      total 82944K, used 3061K [0x00000000d5900000, 0x00000000db500000, 0x0000000100000000)
  eden space 74240K, 0% used [0x00000000d5900000,0x00000000d5900000,0x00000000da180000)
  from space 8704K, 35% used [0x00000000daa00000,0x00000000dacfd778,0x00000000db280000)
  to   space 8704K, 0% used [0x00000000da180000,0x00000000da180000,0x00000000daa00000)
 ParOldGen       total 51200K, used 20004K [0x0000000080a00000, 0x0000000083c00000, 0x00000000d5900000)
  object space 51200K, 39% used [0x0000000080a00000,0x0000000081d89288,0x0000000083c00000)
 Metaspace       used 32301K, capacity 32690K, committed 32896K, reserved 1081344K
  class space    used 4027K, capacity 4144K, committed 4224K, reserved 1048576K
}
Event: 5.043 GC heap before
{Heap before GC invocations=16 (full 2):
 PSYoungGen      total 82944K, used 3061K [0x00000000d5900000, 0x00000000db500000, 0x0000000100000000)
  eden space 74240K, 0% used [0x00000000d5900000,0x00000000d5900000,0x00000000da180000)
  from space 8704K, 35% used [0x00000000daa00000,0x00000000dacfd778,0x00000000db280000)
  to   space 8704K, 0% used [0x00000000da180000,0x00000000da180000,0x00000000daa00000)
 ParOldGen       total 51200K, used 20004K [0x0000000080a00000, 0x0000000083c00000, 0x00000000d5900000)
  object space 51200K, 39% used [0x0000000080a00000,0x0000000081d89288,0x0000000083c00000)
 Metaspace       used 32301K, capacity 32690K, committed 32896K, reserved 1081344K
  class space    used 4027K, capacity 4144K, committed 4224K, reserved 1048576K
Event: 5.129 GC heap after
Heap after GC invocations=16 (full 2):
 PSYoungGen      total 82944K, used 0K [0x00000000d5900000, 0x00000000db500000, 0x0000000100000000)
  eden space 74240K, 0% used [0x00000000d5900000,0x00000000d5900000,0x00000000da180000)
  from space 8704K, 0% used [0x00000000daa00000,0x00000000daa00000,0x00000000db280000)
  to   space 8704K, 0% used [0x00000000da180000,0x00000000da180000,0x00000000daa00000)
 ParOldGen       total 51200K, used 19902K [0x0000000080a00000, 0x0000000083c00000, 0x00000000d5900000)
  object space 51200K, 38% used [0x0000000080a00000,0x0000000081d6fa98,0x0000000083c00000)
 Metaspace       used 32301K, capacity 32690K, committed 32896K, reserved 1079296K
  class space    used 4027K, capacity 4144K, committed 4224K, reserved 1048576K
}
Event: 5.129 GC heap before
{Heap before GC invocations=17 (full 2):
 PSYoungGen      total 82944K, used 0K [0x00000000d5900000, 0x00000000db500000, 0x0000000100000000)
  eden space 74240K, 0% used [0x00000000d5900000,0x00000000d5900000,0x00000000da180000)
  from space 8704K, 0% used [0x00000000daa00000,0x00000000daa00000,0x00000000db280000)
  to   space 8704K, 0% used [0x00000000da180000,0x00000000da180000,0x00000000daa00000)
 ParOldGen       total 51200K, used 19902K [0x0000000080a00000, 0x0000000083c00000, 0x00000000d5900000)
  object space 51200K, 38% used [0x0000000080a00000,0x0000000081d6fa98,0x0000000083c00000)
 Metaspace       used 32301K, capacity 32690K, committed 32896K, reserved 1083392K
  class space    used 4027K, capacity 4144K, committed 4224K, reserved 1048576K
Event: 5.131 GC heap after
Heap after GC invocations=17 (full 2):
 PSYoungGen      total 82944K, used 0K [0x00000000d5900000, 0x00000000db500000, 0x0000000100000000)
  eden space 74240K, 0% used [0x00000000d5900000,0x00000000d5900000,0x00000000da180000)
  from space 8704K, 0% used [0x00000000da180000,0x00000000da180000,0x00000000daa00000)
  to   space 8704K, 0% used [0x00000000daa00000,0x00000000daa00000,0x00000000db280000)
 ParOldGen       total 51200K, used 19902K [0x0000000080a00000, 0x0000000083c00000, 0x00000000d5900000)
  object space 51200K, 38% used [0x0000000080a00000,0x0000000081d6fa98,0x0000000083c00000)
 Metaspace       used 32301K, capacity 32690K, committed 32896K, reserved 1083392K
  class space    used 4027K, capacity 4144K, committed 4224K, reserved 1048576K
}
Event: 5.131 GC heap before
{Heap before GC invocations=18 (full 3):
 PSYoungGen      total 82944K, used 0K [0x00000000d5900000, 0x00000000db500000, 0x0000000100000000)
  eden space 74240K, 0% used [0x00000000d5900000,0x00000000d5900000,0x00000000da180000)
  from space 8704K, 0% used [0x00000000da180000,0x00000000da180000,0x00000000daa00000)
  to   space 8704K, 0% used [0x00000000daa00000,0x00000000daa00000,0x00000000db280000)
 ParOldGen       total 51200K, used 19902K [0x0000000080a00000, 0x0000000083c00000, 0x00000000d5900000)
  object space 51200K, 38% used [0x0000000080a00000,0x0000000081d6fa98,0x0000000083c00000)
 Metaspace       used 32301K, capacity 32690K, committed 32896K, reserved 1083392K
  class space    used 4027K, capacity 4144K, committed 4224K, reserved 1048576K
Event: 5.238 GC heap after
Heap after GC invocations=18 (full 3):
 PSYoungGen      total 82944K, used 0K [0x00000000d5900000, 0x00000000db500000, 0x0000000100000000)
  eden space 74240K, 0% used [0x00000000d5900000,0x00000000d5900000,0x00000000da180000)
  from space 8704K, 0% used [0x00000000da180000,0x00000000da180000,0x00000000daa00000)
  to   space 8704K, 0% used [0x00000000daa00000,0x00000000daa00000,0x00000000db280000)
 ParOldGen       total 51200K, used 18094K [0x0000000080a00000, 0x0000000083c00000, 0x00000000d5900000)
  object space 51200K, 35% used [0x0000000080a00000,0x0000000081baba00,0x0000000083c00000)
 Metaspace       used 32201K, capacity 32530K, committed 32896K, reserved 1079296K
  class space    used 4010K, capacity 4112K, committed 4224K, reserved 1048576K
}

