# JRE version: Java(TM) SE Runtime Environment (8.0_152-b16) (build 1.8.0_152-b16)
# Java VM: Java HotSpot(TM) 64-Bit Server VM (25.152-b16 mixed mode windows-amd64 compressed oops)
Heap:
 PSYoungGen      total 349696K, used 253206K [0x00000000d5900000, 0x00000000ecf00000, 0x0000000100000000)
  eden space 335872K, 75% used [0x00000000d5900000,0x00000000e50459f0,0x00000000ea100000)
  from space 13824K, 0% used [0x00000000eaf00000,0x00000000eaf00000,0x00000000ebc80000)
  to   space 14336K, 0% used [0x00000000ea100000,0x00000000ea100000,0x00000000eaf00000)
 ParOldGen       total 81920K, used 25065K [0x0000000080a00000, 0x0000000085a00000, 0x00000000d5900000)
  object space 81920K, 30% used [0x0000000080a00000,0x000000008227a788,0x0000000085a00000)
 Metaspace       used 45268K, capacity 45808K, committed 46208K, reserved 1089536K
  class space    used 5853K, capacity 6008K, committed 6016K, reserved 1048576K
GC Heap History (10 events):
Event: 4.493 GC heap before
{Heap before GC invocations=8 (full 1):
 PSYoungGen      total 140800K, used 133120K [0x00000000d5900000, 0x00000000deb00000, 0x0000000100000000)
  eden space 133120K, 100% used [0x00000000d5900000,0x00000000ddb00000,0x00000000ddb00000)
  from space 7680K, 0% used [0x00000000de380000,0x00000000de380000,0x00000000deb00000)
  to   space 8192K, 0% used [0x00000000ddb00000,0x00000000ddb00000,0x00000000de300000)
 ParOldGen       total 49152K, used 6242K [0x0000000080a00000, 0x0000000083a00000, 0x00000000d5900000)
  object space 49152K, 12% used [0x0000000080a00000,0x0000000081018ba0,0x0000000083a00000)
 Metaspace       used 24046K, capacity 24338K, committed 24704K, reserved 1071104K
  class space    used 3033K, capacity 3117K, committed 3200K, reserved 1048576K
Event: 4.504 GC heap after
Heap after GC invocations=8 (full 1):
 PSYoungGen      total 141312K, used 5399K [0x00000000d5900000, 0x00000000e5200000, 0x0000000100000000)
  eden space 133120K, 0% used [0x00000000d5900000,0x00000000d5900000,0x00000000ddb00000)
  from space 8192K, 65% used [0x00000000ddb00000,0x00000000de045c80,0x00000000de300000)
  to   space 8192K, 0% used [0x00000000e4a00000,0x00000000e4a00000,0x00000000e5200000)
 ParOldGen       total 49152K, used 6250K [0x0000000080a00000, 0x0000000083a00000, 0x00000000d5900000)
  object space 49152K, 12% used [0x0000000080a00000,0x000000008101aba0,0x0000000083a00000)
 Metaspace       used 24046K, capacity 24338K, committed 24704K, reserved 1071104K
  class space    used 3033K, capacity 3117K, committed 3200K, reserved 1048576K
}
Event: 5.001 GC heap before
{Heap before GC invocations=9 (full 1):
 PSYoungGen      total 141312K, used 138519K [0x00000000d5900000, 0x00000000e5200000, 0x0000000100000000)
  eden space 133120K, 100% used [0x00000000d5900000,0x00000000ddb00000,0x00000000ddb00000)
  from space 8192K, 65% used [0x00000000ddb00000,0x00000000de045c80,0x00000000de300000)
  to   space 8192K, 0% used [0x00000000e4a00000,0x00000000e4a00000,0x00000000e5200000)
 ParOldGen       total 49152K, used 6250K [0x0000000080a00000, 0x0000000083a00000, 0x00000000d5900000)
  object space 49152K, 12% used [0x0000000080a00000,0x000000008101aba0,0x0000000083a00000)
 Metaspace       used 26917K, capacity 27248K, committed 27520K, reserved 1073152K
  class space    used 3373K, capacity 3454K, committed 3456K, reserved 1048576K
Event: 5.007 GC heap after
Heap after GC invocations=9 (full 1):
 PSYoungGen      total 241664K, used 7186K [0x00000000d5900000, 0x00000000e5180000, 0x0000000100000000)
  eden space 233984K, 0% used [0x00000000d5900000,0x00000000d5900000,0x00000000e3d80000)
  from space 7680K, 93% used [0x00000000e4a00000,0x00000000e5104860,0x00000000e5180000)
  to   space 8704K, 0% used [0x00000000e4080000,0x00000000e4080000,0x00000000e4900000)
 ParOldGen       total 49152K, used 6250K [0x0000000080a00000, 0x0000000083a00000, 0x00000000d5900000)
  object space 49152K, 12% used [0x0000000080a00000,0x000000008101aba0,0x0000000083a00000)
 Metaspace       used 26917K, capacity 27248K, committed 27520K, reserved 1073152K
  class space    used 3373K, capacity 3454K, committed 3456K, reserved 1048576K
}
Event: 6.898 GC heap before
{Heap before GC invocations=10 (full 1):
 PSYoungGen      total 241664K, used 241170K [0x00000000d5900000, 0x00000000e5180000, 0x0000000100000000)
  eden space 233984K, 100% used [0x00000000d5900000,0x00000000e3d80000,0x00000000e3d80000)
  from space 7680K, 93% used [0x00000000e4a00000,0x00000000e5104860,0x00000000e5180000)
  to   space 8704K, 0% used [0x00000000e4080000,0x00000000e4080000,0x00000000e4900000)
 ParOldGen       total 49152K, used 6250K [0x0000000080a00000, 0x0000000083a00000, 0x00000000d5900000)
  object space 49152K, 12% used [0x0000000080a00000,0x000000008101aba0,0x0000000083a00000)
 Metaspace       used 33429K, capacity 33884K, committed 34304K, reserved 1079296K
  class space    used 4165K, capacity 4279K, committed 4352K, reserved 1048576K
Event: 6.926 GC heap after
Heap after GC invocations=10 (full 1):
 PSYoungGen      total 245760K, used 8700K [0x00000000d5900000, 0x00000000ebc80000, 0x0000000100000000)
  eden space 237056K, 0% used [0x00000000d5900000,0x00000000d5900000,0x00000000e4080000)
  from space 8704K, 99% used [0x00000000e4080000,0x00000000e48ff1b0,0x00000000e4900000)
  to   space 13824K, 0% used [0x00000000eaf00000,0x00000000eaf00000,0x00000000ebc80000)
 ParOldGen       total 49152K, used 17890K [0x0000000080a00000, 0x0000000083a00000, 0x00000000d5900000)
  object space 49152K, 36% used [0x0000000080a00000,0x0000000081b788f8,0x0000000083a00000)
 Metaspace       used 33429K, capacity 33884K, committed 34304K, reserved 1079296K
  class space    used 4165K, capacity 4279K, committed 4352K, reserved 1048576K
}
Event: 7.253 GC heap before
{Heap before GC invocations=11 (full 1):
 PSYoungGen      total 245760K, used 85332K [0x00000000d5900000, 0x00000000ebc80000, 0x0000000100000000)
  eden space 237056K, 32% used [0x00000000d5900000,0x00000000da3d6158,0x00000000e4080000)
  from space 8704K, 99% used [0x00000000e4080000,0x00000000e48ff1b0,0x00000000e4900000)
  to   space 13824K, 0% used [0x00000000eaf00000,0x00000000eaf00000,0x00000000ebc80000)
 ParOldGen       total 49152K, used 17890K [0x0000000080a00000, 0x0000000083a00000, 0x00000000d5900000)
  object space 49152K, 36% used [0x0000000080a00000,0x0000000081b788f8,0x0000000083a00000)
 Metaspace       used 34897K, capacity 35304K, committed 35456K, reserved 1081344K
  class space    used 4365K, capacity 4473K, committed 4480K, reserved 1048576K
Event: 7.295 GC heap after
Heap after GC invocations=11 (full 1):
 PSYoungGen      total 349696K, used 9545K [0x00000000d5900000, 0x00000000ecf00000, 0x0000000100000000)
  eden space 335872K, 0% used [0x00000000d5900000,0x00000000d5900000,0x00000000ea100000)
  from space 13824K, 69% used [0x00000000eaf00000,0x00000000eb852488,0x00000000ebc80000)
  to   space 14336K, 0% used [0x00000000ea100000,0x00000000ea100000,0x00000000eaf00000)
 ParOldGen       total 49152K, used 20902K [0x0000000080a00000, 0x0000000083a00000, 0x00000000d5900000)
  object space 49152K, 42% used [0x0000000080a00000,0x0000000081e69928,0x0000000083a00000)
 Metaspace       used 34897K, capacity 35304K, committed 35456K, reserved 1081344K
  class space    used 4365K, capacity 4473K, committed 4480K, reserved 1048576K
}
Event: 7.295 GC heap before
{Heap before GC invocations=12 (full 2):
 PSYoungGen      total 349696K, used 9545K [0x00000000d5900000, 0x00000000ecf00000, 0x0000000100000000)
  eden space 335872K, 0% used [0x00000000d5900000,0x00000000d5900000,0x00000000ea100000)
  from space 13824K, 69% used [0x00000000eaf00000,0x00000000eb852488,0x00000000ebc80000)
  to   space 14336K, 0% used [0x00000000ea100000,0x00000000ea100000,0x00000000eaf00000)
 ParOldGen       total 49152K, used 20902K [0x0000000080a00000, 0x0000000083a00000, 0x00000000d5900000)
  object space 49152K, 42% used [0x0000000080a00000,0x0000000081e69928,0x0000000083a00000)
 Metaspace       used 34897K, capacity 35304K, committed 35456K, reserved 1081344K
  class space    used 4365K, capacity 4473K, committed 4480K, reserved 1048576K
Event: 7.411 GC heap after
Heap after GC invocations=12 (full 2):
 PSYoungGen      total 349696K, used 0K [0x00000000d5900000, 0x00000000ecf00000, 0x0000000100000000)
  eden space 335872K, 0% used [0x00000000d5900000,0x00000000d5900000,0x00000000ea100000)
  from space 13824K, 0% used [0x00000000eaf00000,0x00000000eaf00000,0x00000000ebc80000)
  to   space 14336K, 0% used [0x00000000ea100000,0x00000000ea100000,0x00000000eaf00000)
 ParOldGen       total 81920K, used 25065K [0x0000000080a00000, 0x0000000085a00000, 0x00000000d5900000)
  object space 81920K, 30% used [0x0000000080a00000,0x000000008227a788,0x0000000085a00000)
 Metaspace       used 34897K, capacity 35304K, committed 35456K, reserved 1081344K
  class space    used 4365K, capacity 4473K, committed 4480K, reserved 1048576K
}

