# JRE version: Java(TM) SE Runtime Environment (8.0_152-b16) (build 1.8.0_152-b16)
# Java VM: Java HotSpot(TM) 64-Bit Server VM (25.152-b16 mixed mode windows-amd64 compressed oops)
Heap:
 PSYoungGen      total 251904K, used 34226K [0x00000000d5900000, 0x00000000e5980000, 0x0000000100000000)
  eden space 243200K, 10% used [0x00000000d5900000,0x00000000d71f07d8,0x00000000e4680000)
  from space 8704K, 99% used [0x00000000e4880000,0x00000000e50fc1e0,0x00000000e5100000)
  to   space 7168K, 0% used [0x00000000e5280000,0x00000000e5280000,0x00000000e5980000)
 ParOldGen       total 47104K, used 18614K [0x0000000080a00000, 0x0000000083800000, 0x00000000d5900000)
  object space 47104K, 39% used [0x0000000080a00000,0x0000000081c2d850,0x0000000083800000)
 Metaspace       used 34052K, capacity 34498K, committed 34944K, reserved 1079296K
  class space    used 4249K, capacity 4376K, committed 4480K, reserved 1048576K
GC Heap History (10 events):
Event: 3.910 GC heap before
{Heap before GC invocations=6 (full 0):
 PSYoungGen      total 71680K, used 13175K [0x00000000d5900000, 0x00000000dec00000, 0x0000000100000000)
  eden space 66560K, 12% used [0x00000000d5900000,0x00000000d60e21c0,0x00000000d9a00000)
  from space 5120K, 99% used [0x00000000d9a00000,0x00000000d9efba40,0x00000000d9f00000)
  to   space 8704K, 0% used [0x00000000de380000,0x00000000de380000,0x00000000dec00000)
 ParOldGen       total 87552K, used 6287K [0x0000000080a00000, 0x0000000085f80000, 0x00000000d5900000)
  object space 87552K, 7% used [0x0000000080a00000,0x0000000081023db0,0x0000000085f80000)
 Metaspace       used 20869K, capacity 21170K, committed 21296K, reserved 1069056K
  class space    used 2602K, capacity 2663K, committed 2688K, reserved 1048576K
Event: 3.915 GC heap after
Heap after GC invocations=6 (full 0):
 PSYoungGen      total 141824K, used 5739K [0x00000000d5900000, 0x00000000dec00000, 0x0000000100000000)
  eden space 133120K, 0% used [0x00000000d5900000,0x00000000d5900000,0x00000000ddb00000)
  from space 8704K, 65% used [0x00000000de380000,0x00000000de91ac38,0x00000000dec00000)
  to   space 8704K, 0% used [0x00000000ddb00000,0x00000000ddb00000,0x00000000de380000)
 ParOldGen       total 87552K, used 6295K [0x0000000080a00000, 0x0000000085f80000, 0x00000000d5900000)
  object space 87552K, 7% used [0x0000000080a00000,0x0000000081025db0,0x0000000085f80000)
 Metaspace       used 20869K, capacity 21170K, committed 21296K, reserved 1069056K
  class space    used 2602K, capacity 2663K, committed 2688K, reserved 1048576K
}
Event: 3.915 GC heap before
{Heap before GC invocations=7 (full 1):
 PSYoungGen      total 141824K, used 5739K [0x00000000d5900000, 0x00000000dec00000, 0x0000000100000000)
  eden space 133120K, 0% used [0x00000000d5900000,0x00000000d5900000,0x00000000ddb00000)
  from space 8704K, 65% used [0x00000000de380000,0x00000000de91ac38,0x00000000dec00000)
  to   space 8704K, 0% used [0x00000000ddb00000,0x00000000ddb00000,0x00000000de380000)
 ParOldGen       total 87552K, used 6295K [0x0000000080a00000, 0x0000000085f80000, 0x00000000d5900000)
  object space 87552K, 7% used [0x0000000080a00000,0x0000000081025db0,0x0000000085f80000)
 Metaspace       used 20869K, capacity 21170K, committed 21296K, reserved 1069056K
  class space    used 2602K, capacity 2663K, committed 2688K, reserved 1048576K
Event: 3.938 GC heap after
Heap after GC invocations=7 (full 1):
 PSYoungGen      total 141824K, used 0K [0x00000000d5900000, 0x00000000dec00000, 0x0000000100000000)
  eden space 133120K, 0% used [0x00000000d5900000,0x00000000d5900000,0x00000000ddb00000)
  from space 8704K, 0% used [0x00000000de380000,0x00000000de380000,0x00000000dec00000)
  to   space 8704K, 0% used [0x00000000ddb00000,0x00000000ddb00000,0x00000000de380000)
 ParOldGen       total 47104K, used 6285K [0x0000000080a00000, 0x0000000083800000, 0x00000000d5900000)
  object space 47104K, 13% used [0x0000000080a00000,0x00000000810236c8,0x0000000083800000)
 Metaspace       used 20869K, capacity 21170K, committed 21296K, reserved 1069056K
  class space    used 2602K, capacity 2663K, committed 2688K, reserved 1048576K
}
Event: 6.547 GC heap before
{Heap before GC invocations=8 (full 1):
 PSYoungGen      total 141824K, used 133120K [0x00000000d5900000, 0x00000000dec00000, 0x0000000100000000)
  eden space 133120K, 100% used [0x00000000d5900000,0x00000000ddb00000,0x00000000ddb00000)
  from space 8704K, 0% used [0x00000000de380000,0x00000000de380000,0x00000000dec00000)
  to   space 8704K, 0% used [0x00000000ddb00000,0x00000000ddb00000,0x00000000de380000)
 ParOldGen       total 47104K, used 6285K [0x0000000080a00000, 0x0000000083800000, 0x00000000d5900000)
  object space 47104K, 13% used [0x0000000080a00000,0x00000000810236c8,0x0000000083800000)
 Metaspace       used 24009K, capacity 24274K, committed 24704K, reserved 1071104K
  class space    used 3027K, capacity 3117K, committed 3200K, reserved 1048576K
Event: 6.562 GC heap after
Heap after GC invocations=8 (full 1):
 PSYoungGen      total 141824K, used 5393K [0x00000000d5900000, 0x00000000e5a80000, 0x0000000100000000)
  eden space 133120K, 0% used [0x00000000d5900000,0x00000000d5900000,0x00000000ddb00000)
  from space 8704K, 61% used [0x00000000ddb00000,0x00000000de0445c0,0x00000000de380000)
  to   space 8192K, 0% used [0x00000000e5280000,0x00000000e5280000,0x00000000e5a80000)
 ParOldGen       total 47104K, used 6293K [0x0000000080a00000, 0x0000000083800000, 0x00000000d5900000)
  object space 47104K, 13% used [0x0000000080a00000,0x00000000810256c8,0x0000000083800000)
 Metaspace       used 24009K, capacity 24274K, committed 24704K, reserved 1071104K
  class space    used 3027K, capacity 3117K, committed 3200K, reserved 1048576K
}
Event: 7.328 GC heap before
{Heap before GC invocations=9 (full 1):
 PSYoungGen      total 141824K, used 138513K [0x00000000d5900000, 0x00000000e5a80000, 0x0000000100000000)
  eden space 133120K, 100% used [0x00000000d5900000,0x00000000ddb00000,0x00000000ddb00000)
  from space 8704K, 61% used [0x00000000ddb00000,0x00000000de0445c0,0x00000000de380000)
  to   space 8192K, 0% used [0x00000000e5280000,0x00000000e5280000,0x00000000e5a80000)
 ParOldGen       total 47104K, used 6293K [0x0000000080a00000, 0x0000000083800000, 0x00000000d5900000)
  object space 47104K, 13% used [0x0000000080a00000,0x00000000810256c8,0x0000000083800000)
 Metaspace       used 26917K, capacity 27318K, committed 27520K, reserved 1073152K
  class space    used 3374K, capacity 3455K, committed 3456K, reserved 1048576K
Event: 7.333 GC heap after
Heap after GC invocations=9 (full 1):
 PSYoungGen      total 250368K, used 7164K [0x00000000d5900000, 0x00000000e5980000, 0x0000000100000000)
  eden space 243200K, 0% used [0x00000000d5900000,0x00000000d5900000,0x00000000e4680000)
  from space 7168K, 99% used [0x00000000e5280000,0x00000000e597f310,0x00000000e5980000)
  to   space 8704K, 0% used [0x00000000e4880000,0x00000000e4880000,0x00000000e5100000)
 ParOldGen       total 47104K, used 6301K [0x0000000080a00000, 0x0000000083800000, 0x00000000d5900000)
  object space 47104K, 13% used [0x0000000080a00000,0x00000000810276c8,0x0000000083800000)
 Metaspace       used 26917K, capacity 27318K, committed 27520K, reserved 1073152K
  class space    used 3374K, capacity 3455K, committed 3456K, reserved 1048576K
}
Event: 10.044 GC heap before
{Heap before GC invocations=10 (full 1):
 PSYoungGen      total 250368K, used 250364K [0x00000000d5900000, 0x00000000e5980000, 0x0000000100000000)
  eden space 243200K, 100% used [0x00000000d5900000,0x00000000e4680000,0x00000000e4680000)
  from space 7168K, 99% used [0x00000000e5280000,0x00000000e597f310,0x00000000e5980000)
  to   space 8704K, 0% used [0x00000000e4880000,0x00000000e4880000,0x00000000e5100000)
 ParOldGen       total 47104K, used 6301K [0x0000000080a00000, 0x0000000083800000, 0x00000000d5900000)
  object space 47104K, 13% used [0x0000000080a00000,0x00000000810276c8,0x0000000083800000)
 Metaspace       used 33559K, capacity 33986K, committed 34304K, reserved 1079296K
  class space    used 4184K, capacity 4312K, committed 4352K, reserved 1048576K
Event: 10.083 GC heap after
Heap after GC invocations=10 (full 1):
 PSYoungGen      total 251904K, used 8688K [0x00000000d5900000, 0x00000000e5980000, 0x0000000100000000)
  eden space 243200K, 0% used [0x00000000d5900000,0x00000000d5900000,0x00000000e4680000)
  from space 8704K, 99% used [0x00000000e4880000,0x00000000e50fc1e0,0x00000000e5100000)
  to   space 7168K, 0% used [0x00000000e5280000,0x00000000e5280000,0x00000000e5980000)
 ParOldGen       total 47104K, used 18614K [0x0000000080a00000, 0x0000000083800000, 0x00000000d5900000)
  object space 47104K, 39% used [0x0000000080a00000,0x0000000081c2d850,0x0000000083800000)
 Metaspace       used 33559K, capacity 33986K, committed 34304K, reserved 1079296K
  class space    used 4184K, capacity 4312K, committed 4352K, reserved 1048576K
}

