# JRE version: Java(TM) SE Runtime Environment (8.0_152-b16) (build 1.8.0_152-b16)
# Java VM: Java HotSpot(TM) 64-Bit Server VM (25.152-b16 mixed mode windows-amd64 compressed oops)
Heap:
 PSYoungGen      total 495616K, used 49228K [0x00000000d5900000, 0x00000000f6100000, 0x0000000100000000)
  eden space 485376K, 8% used [0x00000000d5900000,0x00000000d7f1b118,0x00000000f3300000)
  from space 10240K, 99% used [0x00000000f4180000,0x00000000f4b78050,0x00000000f4b80000)
  to   space 14848K, 0% used [0x00000000f3300000,0x00000000f3300000,0x00000000f4180000)
 ParOldGen       total 66560K, used 26799K [0x0000000080a00000, 0x0000000084b00000, 0x00000000d5900000)
  object space 66560K, 40% used [0x0000000080a00000,0x000000008242bcd8,0x0000000084b00000)
 Metaspace       used 42628K, capacity 43242K, committed 43560K, reserved 1087488K
  class space    used 5442K, capacity 5633K, committed 5672K, reserved 1048576K
GC Heap History (10 events):
Event: 9.889 GC heap before
{Heap before GC invocations=8 (full 1):
 PSYoungGen      total 261120K, used 261009K [0x00000000d5900000, 0x00000000e6c80000, 0x0000000100000000)
  eden space 255488K, 100% used [0x00000000d5900000,0x00000000e5280000,0x00000000e5280000)
  from space 5632K, 98% used [0x00000000e6700000,0x00000000e6c64410,0x00000000e6c80000)
  to   space 9728K, 0% used [0x00000000e5980000,0x00000000e5980000,0x00000000e6300000)
 ParOldGen       total 49152K, used 8134K [0x0000000080a00000, 0x0000000083a00000, 0x00000000d5900000)
  object space 49152K, 16% used [0x0000000080a00000,0x00000000811f18c8,0x0000000083a00000)
 Metaspace       used 26250K, capacity 26630K, committed 27008K, reserved 1073152K
  class space    used 3328K, capacity 3448K, committed 3456K, reserved 1048576K
Event: 10.004 GC heap after
Heap after GC invocations=8 (full 1):
 PSYoungGen      total 272384K, used 7992K [0x00000000d5900000, 0x00000000f4b80000, 0x0000000100000000)
  eden space 262656K, 0% used [0x00000000d5900000,0x00000000d5900000,0x00000000e5980000)
  from space 9728K, 82% used [0x00000000e5980000,0x00000000e614e080,0x00000000e6300000)
  to   space 10240K, 0% used [0x00000000f4180000,0x00000000f4180000,0x00000000f4b80000)
 ParOldGen       total 49152K, used 8134K [0x0000000080a00000, 0x0000000083a00000, 0x00000000d5900000)
  object space 49152K, 16% used [0x0000000080a00000,0x00000000811f18c8,0x0000000083a00000)
 Metaspace       used 26250K, capacity 26630K, committed 27008K, reserved 1073152K
  class space    used 3328K, capacity 3448K, committed 3456K, reserved 1048576K
}
Event: 12.763 GC heap before
{Heap before GC invocations=9 (full 1):
 PSYoungGen      total 272384K, used 270648K [0x00000000d5900000, 0x00000000f4b80000, 0x0000000100000000)
  eden space 262656K, 100% used [0x00000000d5900000,0x00000000e5980000,0x00000000e5980000)
  from space 9728K, 82% used [0x00000000e5980000,0x00000000e614e080,0x00000000e6300000)
  to   space 10240K, 0% used [0x00000000f4180000,0x00000000f4180000,0x00000000f4b80000)
 ParOldGen       total 49152K, used 8134K [0x0000000080a00000, 0x0000000083a00000, 0x00000000d5900000)
  object space 49152K, 16% used [0x0000000080a00000,0x00000000811f18c8,0x0000000083a00000)
 Metaspace       used 33799K, capacity 34296K, committed 34688K, reserved 1079296K
  class space    used 4291K, capacity 4406K, committed 4480K, reserved 1048576K
Event: 12.975 GC heap after
Heap after GC invocations=9 (full 1):
 PSYoungGen      total 495616K, used 10239K [0x00000000d5900000, 0x00000000f6100000, 0x0000000100000000)
  eden space 485376K, 0% used [0x00000000d5900000,0x00000000d5900000,0x00000000f3300000)
  from space 10240K, 99% used [0x00000000f4180000,0x00000000f4b7fd70,0x00000000f4b80000)
  to   space 14848K, 0% used [0x00000000f3300000,0x00000000f3300000,0x00000000f4180000)
 ParOldGen       total 49152K, used 16139K [0x0000000080a00000, 0x0000000083a00000, 0x00000000d5900000)
  object space 49152K, 32% used [0x0000000080a00000,0x00000000819c2d30,0x0000000083a00000)
 Metaspace       used 33799K, capacity 34296K, committed 34688K, reserved 1079296K
  class space    used 4291K, capacity 4406K, committed 4480K, reserved 1048576K
}
Event: 13.113 GC heap before
{Heap before GC invocations=10 (full 1):
 PSYoungGen      total 495616K, used 27506K [0x00000000d5900000, 0x00000000f6100000, 0x0000000100000000)
  eden space 485376K, 3% used [0x00000000d5900000,0x00000000d69dcb28,0x00000000f3300000)
  from space 10240K, 99% used [0x00000000f4180000,0x00000000f4b7fd70,0x00000000f4b80000)
  to   space 14848K, 0% used [0x00000000f3300000,0x00000000f3300000,0x00000000f4180000)
 ParOldGen       total 49152K, used 16139K [0x0000000080a00000, 0x0000000083a00000, 0x00000000d5900000)
  object space 49152K, 32% used [0x0000000080a00000,0x00000000819c2d30,0x0000000083a00000)
 Metaspace       used 34612K, capacity 35096K, committed 35496K, reserved 1081344K
  class space    used 4401K, capacity 4502K, committed 4520K, reserved 1048576K
Event: 13.687 GC heap after
Heap after GC invocations=10 (full 1):
 PSYoungGen      total 500224K, used 8589K [0x00000000d5900000, 0x00000000f6100000, 0x0000000100000000)
  eden space 485376K, 0% used [0x00000000d5900000,0x00000000d5900000,0x00000000f3300000)
  from space 14848K, 57% used [0x00000000f3300000,0x00000000f3b63538,0x00000000f4180000)
  to   space 10240K, 0% used [0x00000000f4180000,0x00000000f4180000,0x00000000f4b80000)
 ParOldGen       total 49152K, used 18346K [0x0000000080a00000, 0x0000000083a00000, 0x00000000d5900000)
  object space 49152K, 37% used [0x0000000080a00000,0x0000000081bea9d8,0x0000000083a00000)
 Metaspace       used 34612K, capacity 35096K, committed 35496K, reserved 1081344K
  class space    used 4401K, capacity 4502K, committed 4520K, reserved 1048576K
}
Event: 13.687 GC heap before
{Heap before GC invocations=11 (full 2):
 PSYoungGen      total 500224K, used 8589K [0x00000000d5900000, 0x00000000f6100000, 0x0000000100000000)
  eden space 485376K, 0% used [0x00000000d5900000,0x00000000d5900000,0x00000000f3300000)
  from space 14848K, 57% used [0x00000000f3300000,0x00000000f3b63538,0x00000000f4180000)
  to   space 10240K, 0% used [0x00000000f4180000,0x00000000f4180000,0x00000000f4b80000)
 ParOldGen       total 49152K, used 18346K [0x0000000080a00000, 0x0000000083a00000, 0x00000000d5900000)
  object space 49152K, 37% used [0x0000000080a00000,0x0000000081bea9d8,0x0000000083a00000)
 Metaspace       used 34612K, capacity 35096K, committed 35496K, reserved 1081344K
  class space    used 4401K, capacity 4502K, committed 4520K, reserved 1048576K
Event: 14.213 GC heap after
Heap after GC invocations=11 (full 2):
 PSYoungGen      total 500224K, used 0K [0x00000000d5900000, 0x00000000f6100000, 0x0000000100000000)
  eden space 485376K, 0% used [0x00000000d5900000,0x00000000d5900000,0x00000000f3300000)
  from space 14848K, 0% used [0x00000000f3300000,0x00000000f3300000,0x00000000f4180000)
  to   space 10240K, 0% used [0x00000000f4180000,0x00000000f4180000,0x00000000f4b80000)
 ParOldGen       total 66560K, used 19445K [0x0000000080a00000, 0x0000000084b00000, 0x00000000d5900000)
  object space 66560K, 29% used [0x0000000080a00000,0x0000000081cfd738,0x0000000084b00000)
 Metaspace       used 34612K, capacity 35096K, committed 35496K, reserved 1081344K
  class space    used 4401K, capacity 4502K, committed 4520K, reserved 1048576K
}
Event: 18.446 GC heap before
{Heap before GC invocations=12 (full 2):
 PSYoungGen      total 500224K, used 485376K [0x00000000d5900000, 0x00000000f6100000, 0x0000000100000000)
  eden space 485376K, 100% used [0x00000000d5900000,0x00000000f3300000,0x00000000f3300000)
  from space 14848K, 0% used [0x00000000f3300000,0x00000000f3300000,0x00000000f4180000)
  to   space 10240K, 0% used [0x00000000f4180000,0x00000000f4180000,0x00000000f4b80000)
 ParOldGen       total 66560K, used 19445K [0x0000000080a00000, 0x0000000084b00000, 0x00000000d5900000)
  object space 66560K, 29% used [0x0000000080a00000,0x0000000081cfd738,0x0000000084b00000)
 Metaspace       used 41610K, capacity 42300K, committed 42664K, reserved 1087488K
  class space    used 5306K, capacity 5469K, committed 5544K, reserved 1048576K
Event: 18.475 GC heap after
Heap after GC invocations=12 (full 2):
 PSYoungGen      total 495616K, used 10208K [0x00000000d5900000, 0x00000000f6100000, 0x0000000100000000)
  eden space 485376K, 0% used [0x00000000d5900000,0x00000000d5900000,0x00000000f3300000)
  from space 10240K, 99% used [0x00000000f4180000,0x00000000f4b78050,0x00000000f4b80000)
  to   space 14848K, 0% used [0x00000000f3300000,0x00000000f3300000,0x00000000f4180000)
 ParOldGen       total 66560K, used 26799K [0x0000000080a00000, 0x0000000084b00000, 0x00000000d5900000)
  object space 66560K, 40% used [0x0000000080a00000,0x000000008242bcd8,0x0000000084b00000)
 Metaspace       used 41610K, capacity 42300K, committed 42664K, reserved 1087488K
  class space    used 5306K, capacity 5469K, committed 5544K, reserved 1048576K
}

